[2022-02-01 19:51:25] [DEBUG     ] [decorators] > Функция "create_presence_message" вызвана из функции "create_client_socket"
[2022-02-01 19:51:26] [DEBUG     ] [decorators] > Функция "message_from_server" вызвана из функции "create_client_socket"
[2022-02-01 19:51:26] [DEBUG     ] [decorators] > Функция "parse_client_msg" вызвана из функции "run"
[2022-02-06 16:10:06] [DEBUG     ] [decorators] > Функция "create_presence_message" вызвана из функции "create_client_socket"
[2022-02-06 16:10:06] [DEBUG     ] [decorators] > Функция "message_from_server" вызвана из функции "create_client_socket"
[2022-02-06 16:13:22] [DEBUG     ] [decorators] > Функция "create_presence_message" вызвана из функции "create_client_socket"
[2022-02-06 16:13:23] [DEBUG     ] [decorators] > Функция "message_from_server" вызвана из функции "create_client_socket"
[2022-02-06 16:18:16] [DEBUG     ] [decorators] > Функция "create_presence_message" вызвана из функции "create_client_socket"
[2022-02-06 16:18:17] [DEBUG     ] [decorators] > Функция "message_from_server" вызвана из функции "create_client_socket"
[2022-02-06 16:43:15] [DEBUG     ] [decorators] > Функция "create_presence_message" вызвана из функции "create_client_socket"
[2022-02-06 16:43:16] [DEBUG     ] [decorators] > Функция "message_from_server" вызвана из функции "create_client_socket"
[2022-02-06 16:45:22] [DEBUG     ] [decorators] > Функция "message_from_server" вызвана из функции "get_contact_list"
[2022-02-06 16:45:22] [DEBUG     ] [decorators] > Функция "get_contact_list" вызвана из функции "create_client_socket"
[2022-02-06 16:45:35] [DEBUG     ] [decorators] > Функция "create_presence_message" вызвана из функции "create_client_socket"
[2022-02-06 16:45:36] [DEBUG     ] [decorators] > Функция "message_from_server" вызвана из функции "create_client_socket"
[2022-02-06 16:47:53] [DEBUG     ] [decorators] > Функция "create_presence_message" вызвана из функции "create_client_socket"
[2022-02-06 16:47:53] [DEBUG     ] [decorators] > Функция "message_from_server" вызвана из функции "create_client_socket"
[2022-02-06 16:49:13] [DEBUG     ] [decorators] > Функция "message_from_server" вызвана из функции "get_contact_list"
[2022-02-06 16:49:13] [DEBUG     ] [decorators] > Функция "get_contact_list" вызвана из функции "create_client_socket"
[2022-02-06 16:49:43] [DEBUG     ] [decorators] > Функция "create_presence_message" вызвана из функции "create_client_socket"
[2022-02-06 16:49:43] [DEBUG     ] [decorators] > Функция "message_from_server" вызвана из функции "create_client_socket"
[2022-02-06 16:56:02] [DEBUG     ] [decorators] > Функция "message_from_server" вызвана из функции "get_contact_list"
[2022-02-06 16:56:02] [DEBUG     ] [decorators] > Функция "get_contact_list" вызвана из функции "create_client_socket"
[2022-02-06 16:59:58] [DEBUG     ] [decorators] > Функция "create_presence_message" вызвана из функции "create_client_socket"
[2022-02-06 16:59:58] [DEBUG     ] [decorators] > Функция "message_from_server" вызвана из функции "create_client_socket"
[2022-02-06 17:04:07] [DEBUG     ] [decorators] > Функция "message_from_server" вызвана из функции "get_contact_list"
[2022-02-06 17:04:07] [DEBUG     ] [decorators] > Функция "get_contact_list" вызвана из функции "create_client_socket"
[2022-02-06 17:06:11] [DEBUG     ] [decorators] > Функция "create_presence_message" вызвана из функции "create_client_socket"
[2022-02-06 17:06:11] [DEBUG     ] [decorators] > Функция "message_from_server" вызвана из функции "create_client_socket"
[2022-02-06 17:06:15] [DEBUG     ] [decorators] > Функция "message_from_server" вызвана из функции "get_contact_list"
[2022-02-06 17:06:15] [DEBUG     ] [decorators] > Функция "get_contact_list" вызвана из функции "create_client_socket"
[2022-02-06 17:06:37] [DEBUG     ] [decorators] > Функция "create_presence_message" вызвана из функции "create_client_socket"
[2022-02-06 17:09:22] [DEBUG     ] [decorators] > Функция "create_presence_message" вызвана из функции "create_client_socket"
[2022-02-06 17:13:28] [DEBUG     ] [decorators] > Функция "create_presence_message" вызвана из функции "create_client_socket"
[2022-02-06 17:15:37] [DEBUG     ] [decorators] > Функция "create_presence_message" вызвана из функции "create_client_socket"
[2022-02-06 17:24:16] [DEBUG     ] [decorators] > Функция "create_presence_message" вызвана из функции "create_client_socket"
[2022-02-06 17:24:16] [DEBUG     ] [decorators] > Функция "message_from_server" вызвана из функции "create_client_socket"
[2022-02-06 17:25:22] [DEBUG     ] [decorators] > Функция "create_presence_message" вызвана из функции "create_client_socket"
[2022-02-06 17:25:23] [DEBUG     ] [decorators] > Функция "message_from_server" вызвана из функции "create_client_socket"
[2022-02-06 17:26:08] [DEBUG     ] [decorators] > Функция "create_presence_message" вызвана из функции "create_client_socket"
[2022-02-06 17:26:09] [DEBUG     ] [decorators] > Функция "message_from_server" вызвана из функции "create_client_socket"
[2022-02-06 17:26:09] [DEBUG     ] [decorators] > Функция "create_client_socket" вызвана из функции "run"
[2022-02-06 17:26:09] [DEBUG     ] [decorators] > Функция "run" вызвана из функции "<module>"
[2022-02-06 17:26:15] [DEBUG     ] [decorators] > Функция "create_presence_message" вызвана из функции "create_client_socket"
[2022-02-06 17:26:15] [DEBUG     ] [decorators] > Функция "message_from_server" вызвана из функции "create_client_socket"
[2022-02-06 17:27:26] [DEBUG     ] [decorators] > Функция "create_presence_message" вызвана из функции "create_client_socket"
[2022-02-06 17:27:27] [DEBUG     ] [decorators] > Функция "message_from_server" вызвана из функции "create_client_socket"
[2022-02-06 17:28:17] [DEBUG     ] [decorators] > Функция "create_exit_message" вызвана из функции "user_action"
[2022-02-06 17:28:17] [DEBUG     ] [decorators] > Функция "user_action" вызвана из функции "run"
[2022-02-06 17:28:18] [DEBUG     ] [decorators] > Функция "create_client_socket" вызвана из функции "run"
[2022-02-06 17:28:18] [DEBUG     ] [decorators] > Функция "run" вызвана из функции "<module>"
[2022-02-06 17:28:21] [DEBUG     ] [decorators] > Функция "create_presence_message" вызвана из функции "create_client_socket"
[2022-02-06 17:28:22] [DEBUG     ] [decorators] > Функция "message_from_server" вызвана из функции "create_client_socket"
[2022-02-06 17:28:37] [DEBUG     ] [decorators] > Функция "create_presence_message" вызвана из функции "create_client_socket"
[2022-02-06 17:28:37] [DEBUG     ] [decorators] > Функция "message_from_server" вызвана из функции "create_client_socket"
[2022-02-06 17:29:01] [DEBUG     ] [decorators] > Функция "create_presence_message" вызвана из функции "create_client_socket"
[2022-02-06 17:29:01] [DEBUG     ] [decorators] > Функция "message_from_server" вызвана из функции "create_client_socket"
[2022-02-06 17:31:06] [DEBUG     ] [decorators] > Функция "create_presence_message" вызвана из функции "create_client_socket"
[2022-02-06 17:31:07] [DEBUG     ] [decorators] > Функция "message_from_server" вызвана из функции "create_client_socket"
[2022-02-06 17:32:14] [DEBUG     ] [decorators] > Функция "create_presence_message" вызвана из функции "create_client_socket"
[2022-02-06 17:32:14] [DEBUG     ] [decorators] > Функция "message_from_server" вызвана из функции "create_client_socket"
[2022-02-06 17:33:25] [DEBUG     ] [decorators] > Функция "create_presence_message" вызвана из функции "create_client_socket"
[2022-02-06 17:33:26] [DEBUG     ] [decorators] > Функция "message_from_server" вызвана из функции "create_client_socket"
[2022-02-06 17:33:26] [DEBUG     ] [decorators] > Функция "message_from_server" вызвана из функции "get_contact_list"
[2022-02-06 17:33:26] [DEBUG     ] [decorators] > Функция "get_contact_list" вызвана из функции "create_client_socket"
[2022-02-06 17:34:16] [DEBUG     ] [decorators] > Функция "create_exit_message" вызвана из функции "user_action"
[2022-02-06 17:34:16] [DEBUG     ] [decorators] > Функция "message_from_server" вызвана из функции "run"
[2022-02-06 17:34:17] [DEBUG     ] [decorators] > Функция "user_action" вызвана из функции "run"
[2022-02-06 17:34:17] [DEBUG     ] [decorators] > Функция "create_client_socket" вызвана из функции "run"
[2022-02-06 17:34:17] [DEBUG     ] [decorators] > Функция "run" вызвана из функции "<module>"
[2022-02-06 18:20:48] [DEBUG     ] [decorators] > Функция "create_presence_message" вызвана из функции "create_client_socket"
[2022-02-06 18:20:48] [DEBUG     ] [decorators] > Функция "message_from_server" вызвана из функции "create_client_socket"
[2022-02-06 18:20:49] [DEBUG     ] [decorators] > Функция "message_from_server" вызвана из функции "get_contact_list"
[2022-02-06 18:20:49] [DEBUG     ] [decorators] > Функция "get_contact_list" вызвана из функции "create_client_socket"
[2022-02-06 18:31:50] [DEBUG     ] [decorators] > Функция "create_exit_message" вызвана из функции "user_action"
[2022-02-06 18:31:50] [DEBUG     ] [decorators] > Функция "message_from_server" вызвана из функции "run"
[2022-02-06 18:31:51] [DEBUG     ] [decorators] > Функция "user_action" вызвана из функции "run"
[2022-02-06 18:31:52] [DEBUG     ] [decorators] > Функция "create_client_socket" вызвана из функции "run"
[2022-02-06 18:31:52] [DEBUG     ] [decorators] > Функция "run" вызвана из функции "<module>"
[2022-02-06 18:34:42] [DEBUG     ] [decorators] > Функция "create_presence_message" вызвана из функции "create_client_socket"
[2022-02-06 18:34:42] [DEBUG     ] [decorators] > Функция "message_from_server" вызвана из функции "create_client_socket"
[2022-02-06 18:34:43] [DEBUG     ] [decorators] > Функция "message_from_server" вызвана из функции "get_contact_list"
[2022-02-06 18:34:43] [DEBUG     ] [decorators] > Функция "get_contact_list" вызвана из функции "create_client_socket"
[2022-02-06 18:58:46] [DEBUG     ] [decorators] > Функция "create_presence_message" вызвана из функции "create_client_socket"
[2022-02-06 18:58:47] [DEBUG     ] [decorators] > Функция "message_from_server" вызвана из функции "create_client_socket"
[2022-02-06 18:58:47] [DEBUG     ] [decorators] > Функция "message_from_server" вызвана из функции "get_contact_list"
[2022-02-06 18:58:47] [DEBUG     ] [decorators] > Функция "get_contact_list" вызвана из функции "create_client_socket"
[2022-02-06 18:59:00] [DEBUG     ] [decorators] > Функция "create_exit_message" вызвана из функции "user_action"
[2022-02-06 18:59:00] [DEBUG     ] [decorators] > Функция "message_from_server" вызвана из функции "run"
[2022-02-06 18:59:00] [DEBUG     ] [decorators] > Функция "user_action" вызвана из функции "run"
[2022-02-06 18:59:00] [DEBUG     ] [decorators] > Функция "create_client_socket" вызвана из функции "run"
[2022-02-06 18:59:00] [DEBUG     ] [decorators] > Функция "run" вызвана из функции "<module>"
[2022-02-06 19:18:29] [DEBUG     ] [decorators] > Функция "main" вызвана из функции "<module>"
[2022-02-06 19:18:31] [DEBUG     ] [decorators] > Функция "main" вызвана из функции "<module>"
[2022-02-06 19:18:33] [DEBUG     ] [decorators] > Функция "main" вызвана из функции "<module>"
[2022-02-06 19:22:39] [DEBUG     ] [decorators] > Функция "run" вызвана из функции "_bootstrap_inner"
[2022-02-06 19:22:39] [DEBUG     ] [decorators] > Функция "main" вызвана из функции "<module>"
[2022-02-06 19:25:26] [DEBUG     ] [decorators] > Функция "create_presence_message" вызвана из функции "create_client_socket"
[2022-02-06 19:25:27] [DEBUG     ] [decorators] > Функция "message_from_server" вызвана из функции "create_client_socket"
[2022-02-06 19:25:27] [DEBUG     ] [decorators] > Функция "authorize_user" вызвана из функции "parse_client_msg"
[2022-02-06 19:25:27] [DEBUG     ] [decorators] > Функция "parse_client_msg" вызвана из функции "run"
[2022-02-06 19:25:27] [DEBUG     ] [decorators] > Функция "parse_client_msg" вызвана из функции "run"
[2022-02-06 19:25:27] [DEBUG     ] [decorators] > Функция "message_from_server" вызвана из функции "get_contact_list"
[2022-02-06 19:25:27] [DEBUG     ] [decorators] > Функция "get_contact_list" вызвана из функции "create_client_socket"
[2022-02-06 19:25:32] [DEBUG     ] [decorators] > Функция "create_exit_message" вызвана из функции "user_action"
[2022-02-06 19:25:32] [DEBUG     ] [decorators] > Функция "parse_client_msg" вызвана из функции "run"
[2022-02-06 19:25:32] [DEBUG     ] [decorators] > Функция "message_from_server" вызвана из функции "run"
[2022-02-06 19:25:32] [DEBUG     ] [decorators] > Функция "user_action" вызвана из функции "run"
[2022-02-06 19:25:32] [DEBUG     ] [decorators] > Функция "create_client_socket" вызвана из функции "run"
[2022-02-06 19:25:32] [DEBUG     ] [decorators] > Функция "run" вызвана из функции "<module>"
[2022-02-06 19:25:37] [DEBUG     ] [decorators] > Функция "run" вызвана из функции "_bootstrap_inner"
[2022-02-06 19:25:37] [DEBUG     ] [decorators] > Функция "main" вызвана из функции "<module>"
[2022-02-06 20:11:11] [DEBUG     ] [decorators] > Функция "main" вызвана из функции "<module>"
[2022-02-06 20:19:26] [DEBUG     ] [decorators] > Функция "create_presence_message" вызвана из функции "create_client_socket"
[2022-02-06 20:19:27] [DEBUG     ] [decorators] > Функция "message_from_server" вызвана из функции "create_client_socket"
[2022-02-06 20:19:27] [DEBUG     ] [decorators] > Функция "authorize_user" вызвана из функции "parse_client_msg"
[2022-02-06 20:19:27] [DEBUG     ] [decorators] > Функция "parse_client_msg" вызвана из функции "run"
[2022-02-06 20:19:27] [DEBUG     ] [decorators] > Функция "parse_client_msg" вызвана из функции "run"
[2022-02-06 20:19:27] [DEBUG     ] [decorators] > Функция "message_from_server" вызвана из функции "get_contact_list"
[2022-02-06 20:19:27] [DEBUG     ] [decorators] > Функция "get_contact_list" вызвана из функции "create_client_socket"
[2022-02-06 20:20:32] [DEBUG     ] [decorators] > Функция "create_exit_message" вызвана из функции "user_action"
[2022-02-06 20:20:32] [DEBUG     ] [decorators] > Функция "parse_client_msg" вызвана из функции "run"
[2022-02-06 20:20:32] [DEBUG     ] [decorators] > Функция "message_from_server" вызвана из функции "run"
[2022-02-06 20:20:33] [DEBUG     ] [decorators] > Функция "user_action" вызвана из функции "run"
[2022-02-06 20:20:34] [DEBUG     ] [decorators] > Функция "create_client_socket" вызвана из функции "run"
[2022-02-06 20:20:34] [DEBUG     ] [decorators] > Функция "run" вызвана из функции "main"
[2022-02-06 20:20:34] [DEBUG     ] [decorators] > Функция "main" вызвана из функции "<module>"
[2022-02-06 20:20:35] [DEBUG     ] [decorators] > Функция "run" вызвана из функции "_bootstrap_inner"
[2022-02-06 20:20:35] [DEBUG     ] [decorators] > Функция "main" вызвана из функции "<module>"
[2022-02-06 20:32:50] [DEBUG     ] [decorators] > Функция "run" вызвана из функции "_bootstrap_inner"
[2022-02-06 20:32:50] [DEBUG     ] [decorators] > Функция "main" вызвана из функции "<module>"
[2022-02-06 20:34:13] [DEBUG     ] [decorators] > Функция "run" вызвана из функции "_bootstrap_inner"
[2022-02-06 20:34:13] [DEBUG     ] [decorators] > Функция "main" вызвана из функции "<module>"
